<?xml version="1.0" encoding="UTF-8"?>
<!-- Generated by org.testng.reporters.JUnitReportReporter -->
<testsuite hostname="LAPTOP-9FCANJ1H" failures="0" tests="1" name="com.htc.MadisonSite.test.LoginTest" time="0.000" errors="0" timestamp="2021-03-11T18:35:24 IST" skipped="1">
  <testcase classname="com.htc.MadisonSite.test.LoginTest" name="test" time="0.000">
    <skipped/>
  </testcase> <!-- test -->
  <system-out/>
</testsuite> <!-- com.htc.MadisonSite.test.LoginTest -->
